<?xml version="1.0" encoding="UTF-8"?>
<testng-results skipped="0" failed="0" total="1" passed="1">
  <reporter-output>
  </reporter-output>
  <suite name="Default suite" duration-ms="5287" started-at="2020-06-28T11:19:55Z" finished-at="2020-06-28T11:20:01Z">
    <groups>
    </groups>
    <test name="Default test" duration-ms="5287" started-at="2020-06-28T11:19:55Z" finished-at="2020-06-28T11:20:01Z">
      <class name="com.qa.restAssured.delete">
        <test-method status="PASS" signature="deltedata()[pri:0, instance:com.qa.restAssured.delete@cc285f4]" name="deltedata" duration-ms="5248" started-at="2020-06-28T16:49:55Z" finished-at="2020-06-28T16:50:01Z">
          <reporter-output>
          </reporter-output>
        </test-method> <!-- deltedata -->
      </class> <!-- com.qa.restAssured.delete -->
    </test> <!-- Default test -->
  </suite> <!-- Default suite -->
</testng-results>
